$ turbo run check-types

Attention:
Turborepo now collects completely anonymous telemetry regarding usage.
This information is used to shape the Turborepo roadmap and prioritize features.
You can learn more, including how to opt-out if you'd not like to participate in this anonymous program, by visiting the following URL:
https://turborepo.com/docs/telemetry

â€¢ Packages in scope: @repo/eslint-config, @repo/typescript-config, @repo/ui, api, web
â€¢ Running check-types in 5 packages
â€¢ Remote caching disabled
::group::@repo/ui:check-types
cache miss, executing 8de50d51bcff269c
$ tsc --noEmit
::endgroup::
[;31mweb:check-types[;0m
cache miss, executing 5e1c229e51eb97bf
$ next typegen && tsc --noEmit
Generating route types...
âœ“ Types generated successfully
app/layout.tsx(3,8): error TS2307: Cannot find module './globals.css' or its corresponding type declarations.
app/page.tsx(66,10): error TS2375: Type '{ children: string; appName: string; className: string | undefined; }' is not assignable to type 'ButtonProps' with 'exactOptionalPropertyTypes: true'. Consider adding 'undefined' to the types of the target's properties.
  Types of property 'className' are incompatible.
    Type 'string | undefined' is not assignable to type 'string'.
      Type 'undefined' is not assignable to type 'string'.
[ERROR] command finished with error: command (/home/runner/work/King-Jawir/King-Jawir/apps/web) /home/runner/.bun/bin/bun run check-types exited (2)
::error::web#check-types: command (/home/runner/work/King-Jawir/King-Jawir/apps/web) /home/runner/.bun/bin/bun run check-types exited (2)

 Tasks:    1 successful, 2 total
Cached:    0 cached, 2 total
  Time:    4.365s 
Failed:    web#check-types

 ERROR  run failed: command  exited (2)
